<?xml version="1.0" encoding="UTF-8"?>
<testsuite name="StylistTest" tests="1" skipped="0" failures="0" errors="0" timestamp="2015-08-28T16:56:51" hostname="Tessas-MacBook-Pro.local" time="0.804">
  <properties/>
  <testcase name="all_emptyAtFirst" classname="StylistTest" time="0.804"/>
  <system-out><![CDATA[]]></system-out>
  <system-err><![CDATA[]]></system-err>
</testsuite>
