<?xml version="1.0" encoding="UTF-8"?>
<testsuite name="ClientTest" tests="4" skipped="0" failures="0" errors="0" timestamp="2015-08-28T18:19:12" hostname="Tessas-MacBook-Pro.local" time="0.224">
  <properties/>
  <testcase name="equals_returnsTrueIfNameAreTheSame" classname="ClientTest" time="0.119"/>
  <testcase name="find_findClientInDatabase_true" classname="ClientTest" time="0.058"/>
  <testcase name="all_emptyAtFirst" classname="ClientTest" time="0.016"/>
  <testcase name="save_savesIntoDatabase_true" classname="ClientTest" time="0.03"/>
  <system-out><![CDATA[]]></system-out>
  <system-err><![CDATA[]]></system-err>
</testsuite>
