<?xml version="1.0" encoding="UTF-8"?>
<testsuite name="RestaurantTest" tests="8" skipped="0" failures="0" errors="0" timestamp="2015-08-27T17:44:57" hostname="epicodus-105.local" time="0.108">
  <properties/>
  <testcase name="equals_returnsTrueIfNameAreTheSame" classname="RestaurantTest" time="0.004"/>
  <testcase name="save_savesCuisine_idIntoDB_true" classname="RestaurantTest" time="0.021"/>
  <testcase name="save_saveObjectIntoDatabase_true" classname="RestaurantTest" time="0.013"/>
  <testcase name="all_emptyAtFirst" classname="RestaurantTest" time="0.008"/>
  <testcase name="update_updateRestaurantInfo" classname="RestaurantTest" time="0.018"/>
  <testcase name="find_findsRestaurantInDatabase_true" classname="RestaurantTest" time="0.013"/>
  <testcase name="save_assignsIdtoObject" classname="RestaurantTest" time="0.013"/>
  <testcase name="delete_deleteRestaurantFromDatabase" classname="RestaurantTest" time="0.015"/>
  <system-out><![CDATA[]]></system-out>
  <system-err><![CDATA[]]></system-err>
</testsuite>
