<?xml version="1.0" encoding="UTF-8"?>
<testsuite name="ClientTest" tests="2" skipped="0" failures="0" errors="0" timestamp="2015-08-28T18:03:11" hostname="Tessas-MacBook-Pro.local" time="0.164">
  <properties/>
  <testcase name="equals_returnsTrueIfNameAreTheSame" classname="ClientTest" time="0.117"/>
  <testcase name="all_emptyAtFirst" classname="ClientTest" time="0.047"/>
  <system-out><![CDATA[]]></system-out>
  <system-err><![CDATA[]]></system-err>
</testsuite>
